Started by user [8mha:////4IC/XGvaJgDWPDkzydBhNmQZQV0m+OlPLzVeSdGBpAbTAAAAlx+LCAAAAAAAAP9b85aBtbiIQTGjNKU4P08vOT+vOD8nVc83PyU1x6OyILUoJzMv2y+/JJUBAhiZGBgqihhk0NSjKDWzXb3RdlLBUSYGJk8GtpzUvPSSDB8G5tKinBIGIZ+sxLJE/ZzEvHT94JKizLx0a6BxUmjGOUNodHsLgAzOEgZu/dLi1CL9xJTczDwAawhpaMAAAAA=[0midc-eagle
Building in workspace /var/lib/jenkins/workspace/igot-dev/igot-deploy/app_deploy
[app_deploy] $ /bin/bash /tmp/jenkins7951283355352878689.sh

PLAY [dev] *********************************************************************

TASK [Gathering Facts] *********************************************************
[0;32mok: [10.0.1.111][0m

TASK [deploy-sb-discuss-connect-service : Ensure env directory exists] *********
[0;32mok: [10.0.1.111][0m

TASK [deploy-sb-discuss-connect-service : Create and save env template] ********
[0;33mchanged: [10.0.1.111][0m

TASK [deploy-sb-discuss-connect-service : Ensure compose files directory exists] ***
[0;32mok: [10.0.1.111][0m

TASK [deploy-sb-discuss-connect-service : Create and move Sb discuss-connect service template] ***
[0;32mok: [10.0.1.111][0m

TASK [deploy-sb-discuss-connect-service : Removing the existing service] *******
[0;33mchanged: [10.0.1.111][0m

TASK [deploy-sb-discuss-connect-service : Deploy Sb discuss-connect service] ***
[0;31mfatal: [10.0.1.111]: FAILED! => {[0m
[0;31m    "changed": true, [0m
[0;31m    "cmd": "docker stack deploy -c /wingspan_compose_files/sb-discuss_connect_service.yml lms", [0m
[0;31m    "delta": "0:00:00.049950", [0m
[0;31m    "end": "2020-10-29 12:39:06.123165", [0m
[0;31m    "rc": 1, [0m
[0;31m    "start": "2020-10-29 12:39:06.073215"[0m
[0;31m}[0m
[0;31m[0m
[0;31mSTDERR:[0m
[0;31m[0m
[0;31mpoorly formatted environment: variable 'telemetry.service.host: http://sb-telemetry-service:8091' contains whitespaces[0m
[0;31m[0m
[0;31m[0m
[0;31mMSG:[0m
[0;31m[0m
[0;31mnon-zero return code[0m
[0;31m[0m
	to retry, use: --limit @/data/ansible_workspace_dir/main.retry

PLAY RECAP *********************************************************************
[0;31m10.0.1.111[0m                 : [0;32mok=6   [0m [0;33mchanged=2   [0m unreachable=0    [0;31mfailed=1   [0m

Build step 'Execute shell' marked build as failure
Finished: FAILURE
